<?xml version="1.0" encoding="UTF-8"?>
<!-- Generated by org.testng.reporters.JUnitReportReporter -->
<testsuite hostname="DESKTOP-DNLPQGU" failures="0" tests="4" name="testParallelExecution.LoginTest" time="37.100" errors="0" timestamp="2025-05-21T10:18:02 IST" skipped="0">
  <testcase classname="testParallelExecution.LoginTest" name="TC3" time="8.274"/>
  <system-out/>
  <testcase classname="testParallelExecution.LoginTest" name="TC2" time="13.302"/>
  <system-out/>
  <testcase classname="testParallelExecution.LoginTest" name="TC3" time="8.778"/>
  <system-out/>
  <testcase classname="testParallelExecution.LoginTest" name="TC1" time="6.746"/>
  <system-out/>
</testsuite> <!-- testParallelExecution.LoginTest -->
