<?xml version="1.0" encoding="UTF-8"?>
<!-- Generated by org.testng.reporters.JUnitReportReporter -->
<testsuite hostname="DESKTOP-DNLPQGU" failures="0" tests="1" name="findDoubts.auto.TestEngg1" time="14.836" errors="0" timestamp="2025-07-03T15:05:41 IST" skipped="0">
  <testcase classname="findDoubts.auto.TestEngg1" name="myTest" time="14.836"/>
  <system-out/>
</testsuite> <!-- findDoubts.auto.TestEngg1 -->
