<?xml version="1.0" encoding="UTF-8"?>
<!-- Generated by org.testng.reporters.JUnitReportReporter -->
<testsuite hostname="DESKTOP-DNLPQGU" failures="0" tests="4" name="testParallelExecution.RegisterTest" time="56.565" errors="0" timestamp="2025-05-21T10:18:02 IST" skipped="0">
  <testcase classname="testParallelExecution.RegisterTest" name="TC3" time="7.596"/>
  <system-out/>
  <testcase classname="testParallelExecution.RegisterTest" name="TC2" time="12.362"/>
  <system-out/>
  <testcase classname="testParallelExecution.RegisterTest" name="TC1" time="26.760"/>
  <system-out/>
  <testcase classname="testParallelExecution.RegisterTest" name="TC2" time="9.847"/>
  <system-out/>
</testsuite> <!-- testParallelExecution.RegisterTest -->
